<?xml version="1.0" encoding="utf-8"?><testsuites name="pytest tests"><testsuite name="pytest" errors="0" failures="0" skipped="0" tests="9" time="17.755" timestamp="2026-09-01T20:13:39.011947+00:00" hostname="agent-env-428d3fcd-af4c-4e4e-9b60-ea283e9c044b"><testcase classname="tests.backend_test" name="test_root_healthy" time="0.385" /><testcase classname="tests.backend_test" name="test_auth_me_no_token" time="0.163" /><testcase classname="tests.backend_test" name="test_auth_me_with_token" time="0.352" /><testcase classname="tests.backend_test" name="test_auth_logout" time="0.293" /><testcase classname="tests.backend_test" name="test_chat_service_view" time="6.374" /><testcase classname="tests.backend_test" name="test_chat_intake_capture" time="6.912" /><testcase classname="tests.backend_test" name="test_tts_returns_audio" time="1.904" /><testcase classname="tests.backend_test" name="test_intake_persistence" time="0.191" /><testcase classname="tests.backend_test" name="test_contact_persistence" time="0.140" /></testsuite></testsuites>