<?xml version="1.0" encoding="utf-8"?><testsuites name="pytest tests"><testsuite name="pytest" errors="0" failures="0" skipped="0" tests="14" time="24.143" timestamp="2026-09-01T21:02:33.338997+00:00" hostname="agent-env-428d3fcd-af4c-4e4e-9b60-ea283e9c044b"><testcase classname="tests.backend_test" name="test_root_healthy" time="0.196" /><testcase classname="tests.backend_test" name="test_auth_me_no_token" time="0.285" /><testcase classname="tests.backend_test" name="test_auth_me_with_token" time="0.164" /><testcase classname="tests.backend_test" name="test_auth_logout" time="0.419" /><testcase classname="tests.backend_test" name="test_chat_service_view" time="7.888" /><testcase classname="tests.backend_test" name="test_chat_intake_capture" time="4.574" /><testcase classname="tests.backend_test" name="test_tts_returns_audio" time="2.551" /><testcase classname="tests.backend_test" name="test_intake_persistence" time="0.301" /><testcase classname="tests.backend_test" name="test_meeting_persistence" time="0.152" /><testcase classname="tests.backend_test" name="test_chat_scheduler_view" time="5.429" /><testcase classname="tests.backend_test" name="test_advisor_state_requires_auth" time="0.415" /><testcase classname="tests.backend_test" name="test_advisor_state_get_defaults" time="0.162" /><testcase classname="tests.backend_test" name="test_advisor_state_roundtrip" time="0.441" /><testcase classname="tests.backend_test" name="test_contact_persistence" time="0.227" /></testsuite></testsuites>